✅ 追加の公演はありませんでした（2026-07-12 23:58 時点）
----------------------------------------
「ドンデコルテ」が出演する公演が追加されました。

■ 公演タイトル: 福岡よしもとお笑いライブ
■ 公演日: 2026/07/18(土)
■ 場所: よしもと福岡 大和証券劇場（福岡県）
■ 出演者: たくろう／ダイタク／ドンデコルテ／囲碁将棋／矢野・兵動／カベポスター／ななまがり／気になるあの娘／中村圭太／むなかったん／パフェ／ショートケーキ／〔前説〕やまんば／＜ゲームコーナー＞
■ 申し込み日程:
　- 抽選受付: 2026/05/20(水)10:00 〜 2026/07/18(土)09:00
　- 抽選受付: 2026/05/10(日)11:00 〜 2026/05/13(水)11:00
　- 抽選受付: 2026/05/20(水)10:00 〜 2026/07/18(土)11:05
　- 抽選受付: 2026/05/20(水)10:00 〜 2026/07/18(土)13:10
　- 抽選受付: 2026/06/05(金)10:00 〜 2026/07/19(日)08:00
　- 抽選受付: 2026/05/25(月)11:00 〜 2026/05/28(木)11:00
　- 抽選受付: 2026/05/01(金)10:00 〜 2026/07/19(日)08:00
　- 抽選受付: 2026/04/25(土)11:00 〜 2026/04/28(火)11:00
　- 抽選受付: 2026/06/05(金)10:00 〜 2026/07/19(日)09:00
　- 抽選受付: 2026/06/05(金)10:00 〜 2026/07/19(日)10:40
　- 抽選受付: 2026/05/01(金)10:00 〜 2026/07/19(日)11:00
　- 抽選受付: 2026/06/05(金)10:00 〜 2026/07/19(日)11:30
　- 抽選受付: 2026/06/05(金)10:00 〜 2026/07/19(日)13:20

https://ticket.fany.lol/event/43362
----------------------------------------
📢 他1件の公演が追加されました
・しんちゃんプレゼンツ　トークライブ「取り調べ」（2026/07/19(日)） https://ticket.fany.lol/event/45048
----------------------------------------
✅ 追加の公演はありませんでした（2026-07-13 04:57 時点）
----------------------------------------
✅ 追加の公演はありませんでした（2026-07-13 07:33 時点）
----------------------------------------
